2016-02-22 14:51:38 466 pool-4-thread-1 ERROR com.dc.esc.log.LogReceiver (LogReceiver.java:69) - 接收日志失败!
java.io.FileNotFoundException: G:\log\TERM!\2016-02-22\log.20160702hhhhhhhh.log (系统找不到指定的路径。)
	at java.io.FileOutputStream.open(Native Method)
	at java.io.FileOutputStream.<init>(FileOutputStream.java:221)
	at java.io.FileOutputStream.<init>(FileOutputStream.java:110)
	at com.dc.esc.log.LogReceiver.receive(LogReceiver.java:107)
	at com.dc.esc.log.LogReceiver.access$1(LogReceiver.java:91)
	at com.dc.esc.log.LogReceiver$HandleSocket.run(LogReceiver.java:63)
	at java.util.concurrent.ThreadPoolExecutor.runWorker(ThreadPoolExecutor.java:1145)
	at java.util.concurrent.ThreadPoolExecutor$Worker.run(ThreadPoolExecutor.java:615)
	at java.lang.Thread.run(Thread.java:744)
2016-02-22 14:55:46 979 pool-4-thread-1 ERROR com.dc.esc.log.LogReceiver (LogReceiver.java:69) - 接收日志失败!
java.io.FileNotFoundException: G:\log\TERM1\2016-02-22\log.20160702hhhhhhhh.log (拒绝访问。)
	at java.io.FileOutputStream.open(Native Method)
	at java.io.FileOutputStream.<init>(FileOutputStream.java:221)
	at java.io.FileOutputStream.<init>(FileOutputStream.java:110)
	at com.dc.esc.log.LogReceiver.receive(LogReceiver.java:109)
	at com.dc.esc.log.LogReceiver.access$1(LogReceiver.java:91)
	at com.dc.esc.log.LogReceiver$HandleSocket.run(LogReceiver.java:63)
	at java.util.concurrent.ThreadPoolExecutor.runWorker(ThreadPoolExecutor.java:1145)
	at java.util.concurrent.ThreadPoolExecutor$Worker.run(ThreadPoolExecutor.java:615)
	at java.lang.Thread.run(Thread.java:744)
2016-02-22 14:57:57 467 pool-4-thread-1 ERROR com.dc.esc.log.LogReceiver (LogReceiver.java:69) - 接收日志失败!
java.io.FileNotFoundException: G:\log\TERM1\2016-02-22\log.20160702hhhhhhhh.log (拒绝访问。)
	at java.io.FileOutputStream.open(Native Method)
	at java.io.FileOutputStream.<init>(FileOutputStream.java:221)
	at java.io.FileOutputStream.<init>(FileOutputStream.java:110)
	at com.dc.esc.log.LogReceiver.receive(LogReceiver.java:110)
	at com.dc.esc.log.LogReceiver.access$1(LogReceiver.java:91)
	at com.dc.esc.log.LogReceiver$HandleSocket.run(LogReceiver.java:63)
	at java.util.concurrent.ThreadPoolExecutor.runWorker(ThreadPoolExecutor.java:1145)
	at java.util.concurrent.ThreadPoolExecutor$Worker.run(ThreadPoolExecutor.java:615)
	at java.lang.Thread.run(Thread.java:744)
2016-02-22 15:00:07 712 pool-4-thread-1 ERROR com.dc.esc.log.LogReceiver (LogReceiver.java:69) - 接收日志失败!
java.net.SocketException: Socket closed
	at java.net.SocketOutputStream.socketWrite(SocketOutputStream.java:121)
	at java.net.SocketOutputStream.write(SocketOutputStream.java:138)
	at com.dc.esc.log.LogReceiver$HandleSocket.run(LogReceiver.java:64)
	at java.util.concurrent.ThreadPoolExecutor.runWorker(ThreadPoolExecutor.java:1145)
	at java.util.concurrent.ThreadPoolExecutor$Worker.run(ThreadPoolExecutor.java:615)
	at java.lang.Thread.run(Thread.java:744)
2016-02-22 15:51:13 774 pool-4-thread-24 ERROR com.dc.esc.log.LogReceiver (LogReceiver.java:69) - 接收日志失败!
java.net.SocketException: Connection reset
	at java.net.SocketInputStream.read(SocketInputStream.java:196)
	at java.net.SocketInputStream.read(SocketInputStream.java:122)
	at java.net.SocketInputStream.read(SocketInputStream.java:108)
	at com.dc.esc.log.LogReceiver.receive(LogReceiver.java:118)
	at com.dc.esc.log.LogReceiver.access$1(LogReceiver.java:92)
	at com.dc.esc.log.LogReceiver$HandleSocket.run(LogReceiver.java:63)
	at java.util.concurrent.ThreadPoolExecutor.runWorker(ThreadPoolExecutor.java:1145)
	at java.util.concurrent.ThreadPoolExecutor$Worker.run(ThreadPoolExecutor.java:615)
	at java.lang.Thread.run(Thread.java:744)
2016-02-22 17:03:09 584 Thread-6 ERROR com.dc.esc.log.LogReceiver (LogReceiver.java:50) - 服务[LogReceiver]捕获到异常！
java.net.BindException: Address already in use: JVM_Bind
	at java.net.DualStackPlainSocketImpl.bind0(Native Method)
	at java.net.DualStackPlainSocketImpl.socketBind(DualStackPlainSocketImpl.java:106)
	at java.net.AbstractPlainSocketImpl.bind(AbstractPlainSocketImpl.java:376)
	at java.net.PlainSocketImpl.bind(PlainSocketImpl.java:190)
	at java.net.ServerSocket.bind(ServerSocket.java:376)
	at java.net.ServerSocket.<init>(ServerSocket.java:237)
	at java.net.ServerSocket.<init>(ServerSocket.java:181)
	at com.dc.esc.log.LogReceiver.run(LogReceiver.java:39)
	at java.lang.Thread.run(Thread.java:744)
